[ 2019-05-13T18:21:37+08:00 ] 172.28.246.172 /index.php?m=home.php&c=index
INFO: [ app_init ] --START--
INFO: Run Behavior\BuildLiteBehavior [ RunTime:0.000043s ]
INFO: [ app_init ] --END-- [ RunTime:0.001229s ]
ERR: 无法加载模块:Home.php

[ 2019-05-13T22:47:56+08:00 ] 172.26.225.100 /index.php?m=home.php&c=index
INFO: [ app_init ] --START--
INFO: Run Behavior\BuildLiteBehavior [ RunTime:0.000018s ]
INFO: [ app_init ] --END-- [ RunTime:0.000602s ]
ERR: 无法加载模块:Home.php

[ 2019-05-13T22:48:01+08:00 ] 172.26.225.100 /index.php?m=home.php&c=index
INFO: [ app_init ] --START--
INFO: Run Behavior\BuildLiteBehavior [ RunTime:0.000025s ]
INFO: [ app_init ] --END-- [ RunTime:0.000708s ]
ERR: 无法加载模块:Home.php

[ 2019-05-13T22:48:02+08:00 ] 172.26.225.100 /index.php?m=home.php&c=index
INFO: [ app_init ] --START--
INFO: Run Behavior\BuildLiteBehavior [ RunTime:0.000015s ]
INFO: [ app_init ] --END-- [ RunTime:0.000386s ]
ERR: 无法加载模块:Home.php

[ 2019-05-13T22:48:02+08:00 ] 172.26.225.100 /index.php?m=home.php&c=index
INFO: [ app_init ] --START--
INFO: Run Behavior\BuildLiteBehavior [ RunTime:0.000025s ]
INFO: [ app_init ] --END-- [ RunTime:0.000736s ]
ERR: 无法加载模块:Home.php

[ 2019-05-13T22:48:02+08:00 ] 172.26.225.100 /index.php?m=home.php&c=index
INFO: [ app_init ] --START--
INFO: Run Behavior\BuildLiteBehavior [ RunTime:0.000020s ]
INFO: [ app_init ] --END-- [ RunTime:0.000577s ]
ERR: 无法加载模块:Home.php

