[ 2019-04-05T23:47:00+08:00 ] 127.0.0.1 /admin.php?c=basic
INFO: [ app_init ] --START--
INFO: Run Behavior\BuildLiteBehavior [ RunTime:0.000023s ]
INFO: [ app_init ] --END-- [ RunTime:0.000722s ]
INFO: [ app_begin ] --START--
INFO: Run Behavior\ReadHtmlCacheBehavior [ RunTime:0.001155s ]
INFO: [ app_begin ] --END-- [ RunTime:0.001245s ]
NOTIC: [8] Undefined variable: sing_path F:\phpStudy\PHPTutorial\WWW\x086le\ThinkPHP\Common\functions.php 第 991 行.
NOTIC: [8] Undefined variable: module F:\phpStudy\PHPTutorial\WWW\x086le\ThinkPHP\Common\functions.php 第 994 行.
NOTIC: [8] Undefined variable: var F:\phpStudy\PHPTutorial\WWW\x086le\ThinkPHP\Common\functions.php 第 997 行.
NOTIC: [2] array_reverse() expects parameter 1 to be array, null given F:\phpStudy\PHPTutorial\WWW\x086le\ThinkPHP\Common\functions.php 第 997 行.
NOTIC: [2] http_build_query(): Parameter 1 expected to be Array or Object.  Incorrect value given F:\phpStudy\PHPTutorial\WWW\x086le\ThinkPHP\Common\functions.php 第 997 行.

[ 2019-04-05T23:47:00+08:00 ] 127.0.0.1 /admin.php?&c=login
INFO: [ app_init ] --START--
INFO: Run Behavior\BuildLiteBehavior [ RunTime:0.000024s ]
INFO: [ app_init ] --END-- [ RunTime:0.000590s ]
INFO: [ app_begin ] --START--
INFO: Run Behavior\ReadHtmlCacheBehavior [ RunTime:0.000785s ]
INFO: [ app_begin ] --END-- [ RunTime:0.000860s ]
INFO: [ view_parse ] --START--
INFO: [ template_filter ] --START--
INFO: Run Behavior\ContentReplaceBehavior [ RunTime:0.000061s ]
INFO: [ template_filter ] --END-- [ RunTime:0.000149s ]
INFO: Run Behavior\ParseTemplateBehavior [ RunTime:0.032562s ]
INFO: [ view_parse ] --END-- [ RunTime:0.032662s ]
INFO: [ view_filter ] --START--
INFO: Run Behavior\WriteHtmlCacheBehavior [ RunTime:0.002272s ]
INFO: [ view_filter ] --END-- [ RunTime:0.002341s ]
INFO: [ app_end ] --START--
INFO: Run Behavior\ShowPageTraceBehavior [ RunTime:0.001455s ]
INFO: [ app_end ] --END-- [ RunTime:0.001526s ]

